***************************************************************************************************
DateTime     = Sat Mar 30 04:06:03 UTC 2013
OS           = Linux (3.7-trunk-686-pae, i386)
JVM          = OpenJDK Runtime Environment (1.6.0_24-b24, 32-bit)
Locale       = English, Etc/UTC
User         = root, /root

Application  = CrashPlan
CPVERSION    = 3.5.2 - 1360908000352 (2013-02-15T06:00:00:352+0000)
CPGUID       = 576916001312523799 from NEW
OrgType      = CONSUMER
WorkingDir   = /opt/crashplan
LogDir       = log
AppDataDir   = /opt/crashplan/conf
CacheDir     = /opt/crashplan/cache
ArchiveDir   = /backup/
JavaOptions  = [-Dfile.encoding=UTF-8, -Dapp=CrashPlanService, -DappBaseName=CrashPlan, -Xms20m, -Xmx512m, -Djava.net.preferIPv4Stack=true, -Dsun.net.inetaddr.ttl=300, -Dnetworkaddress.cache.ttl=300, -Dsun.net.inetaddr.negative.ttl=0, -Dnetworkaddress.cache.negative.ttl=0, -Dc42.native.md5.enabled=false]
Args         = [  ]
LibraryPath  = /usr/lib/jvm/java-6-openjdk-i386/jre/lib/i386/server:/usr/lib/jvm/java-6-openjdk-i386/jre/lib/i386:/usr/lib/jvm/java-6-openjdk-i386/jre/../lib/i386:/usr/java/packages/lib/i386:/usr/lib/i386-linux-gnu/jni:/lib/i386-linux-gnu:/usr/lib/i386-linux-gnu:/usr/lib/jni:/lib:/usr/lib:/opt/crashplan/.:/opt/crashplan/lib
ClassPath    = [file:/opt/crashplan/lib/com.backup42.desktop.jar, file:/opt/crashplan/lang/]


***************************************************************************************************
LICENSE
***************************************************************************************************
ServiceModel.authorized         = false


***************************************************************************************************
SOCIAL NETWORK
***************************************************************************************************

---------------------------------------------------------------------------------------------------
USERS
0, null, SELF, null, org=0-null
1, support@crashplan.com, CPC, CrashPlan Central, org=0-CrashPlan Central, null, nickname=CrashPlan Central

---------------------------------------------------------------------------------------------------
COMPUTERS
576916001312523799, kali, SELF, private=0.0.0.0:4242, connectedFor=0ms
42, CrashPlan Central, CPC, private=central.crashplan.com:443, disconnectCode=NONE


***************************************************************************************************
OUTBOUND BACKUP
***************************************************************************************************
backupEnabled                  = true
highBandwidthRate              = 37.5 KB/s (network throttle, user away)
lowBandwidthRate               = 25.0 KB/s (network throttle, user present)
lanHighBandwidthRate           = 0.0 KB/s (network throttle, user away)
lanLowBandwidthRate            = 0.0 KB/s (network throttle, user present)
idleThrottleRate               = 80 (cpu throttle, user away)
activeThrottleRate             = 20 (cpu throttle, user present)

---------------------------------------------------------------------------------------------------
BACKUP SET 1
backupPaths                    = []
backupPaths.lastModified       = Sat Mar 30 04:05:33 UTC 2013
watcherNoActivityInterval      = 15min 0sec (backup frequency)
backupOpenFiles                = true
backupRunWindow                = RunWindow[alwaysRun=true]
scanInterval                   = 1day 0hr
scanTime                       = 03:00
compression                    = ON
encryptionEnabled              = true
dataDeDuplication              = AUTOMATIC
keepDeleted                    = true
keepDeletedMinutes             = 7day 0hr
versionLastWeekInterval        = 15min 0sec
versionLastNinetyDaysInterval  = 1day 0hr
versionLastYearInterval        = 7day 0hr
versionPrevYearsInterval       = 30day 0hr


***************************************************************************************************
DESTINATIONS
***************************************************************************************************


***************************************************************************************************
INBOUND BACKUP
***************************************************************************************************
listenForBackup      = true
maintenanceInterval  = 7day 0hr
verifyBlocksInterval = 28day 0hr
listen               = 0.0.0.0:4242
manifestPath         = /backup/ (default location)

---------------------------------------------------------------------------------------------------
SOURCES


***************************************************************************************************
SYSTEM (network, memory, disk, etc)
***************************************************************************************************
localHostAddress = 
memory           = maxMemory=455.10MB, totalMemory=18.70MB, freeMemory=14.10MB, usedMemory=4.60MB
diskSpace        = DiskSpace[file = /, totalSpace = 492.3GB, freeSpace = 135GB, usedSpace = 332.3GB, capacity = 72.58%]


***************************************************************************************************
CONFIG FILE
***************************************************************************************************
<?xml version="1.0" encoding="UTF-8" standalone="no"?>
<config id="service" modified="2013-03-30T04:06:03:666+0000" version="3">
  <configDateMs nil="true"/>
  <installVersion>1360908000352</installVersion>
  <logPropertiesFile>conf/my.log.properties</logPropertiesFile>
  <serviceLog>
    <fileHandler append="true" count="2" level="ALL" limit="26214400" pattern="log/service.log"/>
  </serviceLog>
  <serviceErrorInterval>3600000</serviceErrorInterval>
  <historyLog>
    <fileHandler append="true" count="10" level="ALL" limit="512000" pattern="/opt/crashplan/log/history.log"/>
  </historyLog>
  <userIdleDelay>900000</userIdleDelay>
  <orgType>CONSUMER</orgType>
  <systrayOnStartup>true</systrayOnStartup>
  <location>0.0.0.0:4242</location>
  <helpNovice>STILL_RUNNING</helpNovice>
  <userHome nil="true"/>
  <windowsPriorityClass>NORMAL</windowsPriorityClass>
  <windowsPriorityBoost>false</windowsPriorityBoost>
  <macIOPriority>IOPOL_THROTTLE</macIOPriority>
  <javaMemoryHeapMax>512m</javaMemoryHeapMax>
  <serviceUIConfig>
    <serviceHost>127.0.0.1</serviceHost>
    <servicePort>4243</servicePort>
    <connectCheck>0</connectCheck>
    <showFullFilePath>false</showFullFilePath>
    <autoLoginPasswordHash nil="true"/>
    <autoLogin>true</autoLogin>
    <locale nil="true"/>
  </serviceUIConfig>
  <servicePeerConfig>
    <authority address="central.crashplan.com:443" hideAddress="false"/>
    <lastKnownVersion>1360908000352</lastKnownVersion>
    <upgradeVersion nil="true"/>
    <upgradePath>upgrade</upgradePath>
    <upgradeDelay>15000</upgradeDelay>
    <inboundWorkers>4</inboundWorkers>
    <securityProviderWorkers>1</securityProviderWorkers>
    <securityProviderCipherId>0</securityProviderCipherId>
    <socketSendBufferSize>65536</socketSendBufferSize>
    <socketReceiveBufferSize>65536</socketReceiveBufferSize>
    <inboundMessageBufferSize>2097152</inboundMessageBufferSize>
    <outboundMessageBufferSize>1310720</outboundMessageBufferSize>
    <siteLocalInboundMessageBufferSize>2097152</siteLocalInboundMessageBufferSize>
    <siteLocalOutboundMessageBufferSize>2621440</siteLocalOutboundMessageBufferSize>
    <maxMessageSize>20971520</maxMessageSize>
    <listenForBackup>true</listenForBackup>
    <maxConnectAttempts>2</maxConnectAttempts>
    <portMappingEnabled>true</portMappingEnabled>
    <useProxy>false</useProxy>
    <remotePACFileUrl nil="true"/>
    <centralConfig>
      <websiteHost nil="true"/>
      <hideDestinationUsageSetting>false</hideDestinationUsageSetting>
    </centralConfig>
  </servicePeerConfig>
  <serviceBackupConfig>
    <backupFilesLog>
      <fileHandler append="true" count="2" level="ALL" limit="26214400" pattern="log/backup_files.log"/>
    </backupFilesLog>
    <restoreFilesLog>
      <fileHandler append="false" count="1" level="ALL" limit="1073741824" pattern="log/restore_files.log"/>
    </restoreFilesLog>
    <highBandwidthRate>37.5</highBandwidthRate>
    <lowBandwidthRate>25.0</lowBandwidthRate>
    <lanHighBandwidthRate>0.0</lanHighBandwidthRate>
    <lanLowBandwidthRate>0.0</lanLowBandwidthRate>
    <wanTcpTrafficClass>2</wanTcpTrafficClass>
    <lanTcpTrafficClass>0</lanTcpTrafficClass>
    <tcpNoDelay>true</tcpNoDelay>
    <notifyDeliveryTime>ANY</notifyDeliveryTime>
    <warningEmailEnabled>false</warningEmailEnabled>
    <minutesUntilWarning>4320</minutesUntilWarning>
    <severeEmailEnabled>false</severeEmailEnabled>
    <minutesUntilSevere>7200</minutesUntilSevere>
    <backupStatusEmailEnabled>false</backupStatusEmailEnabled>
    <backupStatusEmailFreqInMinutes>10080</backupStatusEmailFreqInMinutes>
    <warningTwitterEnabled>false</warningTwitterEnabled>
    <warningTwitterAfterMinutes>4320</warningTwitterAfterMinutes>
    <severeTwitterEnabled>false</severeTwitterEnabled>
    <severeTwitterAfterMinutes>7200</severeTwitterAfterMinutes>
    <backupStatusTwitterEnabled>false</backupStatusTwitterEnabled>
    <backupStatusTwitterFreqInMinutes>1440</backupStatusTwitterFreqInMinutes>
    <twitterStatusUpdateOptIn>false</twitterStatusUpdateOptIn>
    <twitterFollowersOptIn>false</twitterFollowersOptIn>
    <inboundRunWindow>
      <runWindow always="true" days="SMTWHFS" endTimeOfDay="06:00" startTimeOfDay="01:00"/>
    </inboundRunWindow>
    <hiddenFiles>
      <patternList>
        <windows/>
        <macintosh/>
        <linux/>
        <solaris/>
      </patternList>
    </hiddenFiles>
    <backupStatus>SAFE</backupStatus>
    <disableDataPassword>false</disableDataPassword>
    <networkInterfacesExcluded>
      <patternList>
        <windows/>
        <macintosh/>
        <linux/>
        <solaris/>
      </patternList>
    </networkInterfacesExcluded>
    <wirelessNetworksExcluded>
      <patternList>
        <windows/>
        <macintosh/>
        <linux/>
        <solaris/>
      </patternList>
    </wirelessNetworksExcluded>
    <minimumBatteryPercent>20</minimumBatteryPercent>
    <backupConfig>
      <backupSets>
        <backupSet id="1">
          <name>Default</name>
          <priority>1</priority>
          <backupPaths>
            <lastModified>1364616333057</lastModified>
            <pathset>
              <paths os="Linux"/>
            </pathset>
            <excludeUser>
              <patternList>
                <windows/>
                <macintosh/>
                <linux/>
                <solaris/>
              </patternList>
            </excludeUser>
          </backupPaths>
          <destinations/>
          <backupRunWindow>
            <runWindow always="true" days="SMTWHFS" endTimeOfDay="06:00" startTimeOfDay="01:00"/>
          </backupRunWindow>
          <backupOpenFiles>true</backupOpenFiles>
          <compression>ON</compression>
          <dataDeDupAutoMaxFileSize>1000000000</dataDeDupAutoMaxFileSize>
          <dataDeDupAutoMaxFileSizeForWan>1000000000</dataDeDupAutoMaxFileSizeForWan>
          <dataDeDuplication>AUTOMATIC</dataDeDuplication>
          <encryptionEnabled>true</encryptionEnabled>
          <scanInterval>86400000</scanInterval>
          <scanTime>03:00</scanTime>
          <watchFiles>true</watchFiles>
          <retentionPolicy>
            <backupFrequency>900000</backupFrequency>
            <keepDeleted>true</keepDeleted>
            <keepDeletedMinutes>10080</keepDeletedMinutes>
            <lastModified>1364616332871</lastModified>
            <versionLastNinetyDaysInterval>1440</versionLastNinetyDaysInterval>
            <versionLastWeekInterval>15</versionLastWeekInterval>
            <versionLastYearInterval>10080</versionLastYearInterval>
            <versionPrevYearsInterval>43200</versionPrevYearsInterval>
          </retentionPolicy>
        </backupSet>
      </backupSets>
      <cachePath>/opt/crashplan/cache</cachePath>
      <manifestPath>/backup/</manifestPath>
      <softDeleteOfFiles>false</softDeleteOfFiles>
      <smallBlockSize>4096</smallBlockSize>
      <blockSize>32768</blockSize>
      <largeBlockSize>131072</largeBlockSize>
      <veryLargeBlockSize>524288</veryLargeBlockSize>
      <noCompressBlockSize>524288</noCompressBlockSize>
      <largeFileBytes>10000000</largeFileBytes>
      <veryLargeFileBytes>1000000000</veryLargeFileBytes>
      <maintenanceInterval>604800000</maintenanceInterval>
      <maintenanceLoadWorkerDelay>300000</maintenanceLoadWorkerDelay>
      <maintenanceLoadWorkerStartupDelay>60000</maintenanceLoadWorkerStartupDelay>
      <numMaintenanceWorkers>1</numMaintenanceWorkers>
      <verifyBlocksEnabled>true</verifyBlocksEnabled>
      <verifyBlocksInterval>2419200000</verifyBlocksInterval>
      <checksumBlocksEnabled>true</checksumBlocksEnabled>
      <verifyRestoreEnabled>false</verifyRestoreEnabled>
      <reduceEnabled>true</reduceEnabled>
      <scrapPercentAllowed>10</scrapPercentAllowed>
      <fileChangeCheckInterval>30000</fileChangeCheckInterval>
      <manualFileChangeCheckInterval>30000</manualFileChangeCheckInterval>
      <numBackupWorkers>4</numBackupWorkers>
      <numReplaceWorkers>2</numReplaceWorkers>
      <numCloseWorkers>10</numCloseWorkers>
      <idleThrottleRate>80</idleThrottleRate>
      <activeThrottleRate>20</activeThrottleRate>
      <checksumIncomingBackupData>true</checksumIncomingBackupData>
      <checksumIncomingRestoreData>true</checksumIncomingRestoreData>
      <blockArchiveDataFileSize>4242538496</blockArchiveDataFileSize>
      <weakBlockCacheLoadFactor>0.8</weakBlockCacheLoadFactor>
      <strongBlockCacheLoadFactor>0.8</strongBlockCacheLoadFactor>
      <strongBlockCacheMaxSize>30000</strongBlockCacheMaxSize>
      <verifyBlocksLoadFactor>0.8</verifyBlocksLoadFactor>
      <forceFileChannelDuringClose>false</forceFileChannelDuringClose>
      <noCompressionPatterns>
        <patternList>
          <windows/>
          <macintosh/>
          <linux/>
          <solaris/>
        </patternList>
      </noCompressionPatterns>
      <excludeSystem>
        <patternList>
          <windows/>
          <macintosh/>
          <linux/>
          <solaris/>
        </patternList>
      </excludeSystem>
      <hostSystemExcludes>
        <patternList>
          <pattern regex=".*/(cookies|permissions).sqllite(-.{3})?"/>
          <windows/>
          <macintosh/>
          <linux>
            <pattern regex=".*/.config/google-chrome/Default/Cookies(-journal)?"/>
          </linux>
          <solaris>
            <pattern regex=".*/.config/google-chrome/Default/Cookies(-journal)?"/>
          </solaris>
        </patternList>
      </hostSystemExcludes>
      <manualFileWatchPatterns>
        <patternList>
          <windows/>
          <macintosh/>
          <linux/>
          <solaris/>
        </patternList>
      </manualFileWatchPatterns>
    </backupConfig>
  </serviceBackupConfig>
  <socialNetworkConfig>
    <computerConfigs/>
    <userConfigs/>
  </socialNetworkConfig>
</config>



***************************************************************************************************
